<?xml version="1.0" encoding="UTF-8"?>
<testsuite name="com.konstantin.habittracker.BackendApplicationTests" tests="1" skipped="0" failures="0" errors="0" timestamp="2026-03-12T12:21:51.032Z" hostname="KONSTANTIN" time="1.578">
  <properties/>
  <testcase name="contextLoads()" classname="com.konstantin.habittracker.BackendApplicationTests" time="0.428"/>
  <system-out><![CDATA[13:21:51.162 [Test worker] INFO org.springframework.test.context.support.AnnotationConfigContextLoaderUtils -- Could not detect default configuration classes for test class [com.konstantin.habittracker.BackendApplicationTests]: BackendApplicationTests does not declare any static, non-private, non-final, nested classes annotated with @Configuration.
13:21:51.237 [Test worker] INFO org.springframework.boot.test.context.SpringBootTestContextBootstrapper -- Found @SpringBootConfiguration com.konstantin.habittracker.BackendApplication for test class com.konstantin.habittracker.BackendApplicationTests

  .   ____          _            __ _ _
 /\\ / ___'_ __ _ _(_)_ __  __ _ \ \ \ \
( ( )\___ | '_ | '_| | '_ \/ _` | \ \ \ \
 \\/  ___)| |_)| | | | | || (_| |  ) ) ) )
  '  |____| .__|_| |_|_| |_\__, | / / / /
 =========|_|==============|___/=/_/_/_/

 :: Spring Boot ::                (v4.0.3)

2026-03-12T13:21:51.541+01:00  INFO 35784 --- [backend] [    Test worker] c.k.h.BackendApplicationTests            : Starting BackendApplicationTests using Java 21.0.10 with PID 35784 (started by konst in C:\Users\konst\IdeaProjects\habit-tracker-backend)
2026-03-12T13:21:51.542+01:00  INFO 35784 --- [backend] [    Test worker] c.k.h.BackendApplicationTests            : No active profile set, falling back to 1 default profile: "default"
2026-03-12T13:21:52.174+01:00  INFO 35784 --- [backend] [    Test worker] c.k.h.BackendApplicationTests            : Started BackendApplicationTests in 0.818 seconds (process running for 1.76)
]]></system-out>
  <system-err><![CDATA[Mockito is currently self-attaching to enable the inline-mock-maker. This will no longer work in future releases of the JDK. Please add Mockito as an agent to your build as described in Mockito's documentation: https://javadoc.io/doc/org.mockito/mockito-core/latest/org.mockito/org/mockito/Mockito.html#0.3
WARNING: A Java agent has been loaded dynamically (C:\Users\konst\.gradle\caches\modules-2\files-2.1\net.bytebuddy\byte-buddy-agent\1.17.8\f09415827a71be7ed621c7bd02550678f28bc81c\byte-buddy-agent-1.17.8.jar)
WARNING: If a serviceability tool is in use, please run with -XX:+EnableDynamicAgentLoading to hide this warning
WARNING: If a serviceability tool is not in use, please run with -Djdk.instrument.traceUsage for more information
WARNING: Dynamic loading of agents will be disallowed by default in a future release
]]></system-err>
</testsuite>
